<?xml version="1.0" encoding="UTF-8"?>
<!-- Generated by org.testng.reporters.JUnitXMLReporter -->
<testsuite hostname="XIPL0440" name="Default test" tests="1" failures="1" timestamp="4 Jan 2016 06:20:40 GMT" time="48.398" errors="0">
  <testcase name="f" time="48.378" classname="com.automation.testScript.loginToApplication">
    <failure type="org.openqa.selenium.WebDriverException" message="Failed to connect to binary FirefoxBinary(C:\Program Files (x86)\Mozilla Firefox\firefox.exe) on port 7055; process output follows: 
code.com&amp;quot;:{&amp;quot;d&amp;quot;:&amp;quot;C:\\Users\\devrajh\\AppData\\Local\\Temp\\anonymous2001982202337191861webdriver-profile\\extensions\\fxdriver@googlecode.com&amp;quot;,&amp;quot;e&amp;quot;:false,&amp;quot;v&amp;quot;:&amp;quot;2.45.0&amp;quot;,&amp;quot;st&amp;quot;:1451888392089,&amp;quot;mt&amp;quot;:1451888392078}},&amp;quot;app-global&amp;quot;:{&amp;quot;{82AF8DCA-6DE9-405D-BD5E-43525BDAD38A}&amp;quot;:{&amp;quot;d&amp;quot;:&amp;quot;C:\\Program Files (x86)\\Mozilla Firefox\\browser\\extensions\\{82AF8DCA-6DE9-405D-BD5E-43525BDAD38A}.xpi&amp;quot;,&amp;quot;e&amp;quot;:true,&amp;quot;v&amp;quot;:&amp;quot;7.5.0.9082&amp;quot;,&amp;quot;st&amp;quot;:1444303946000},&amp;quot;{972ce4c6-7e08-4474-a285-3208198ce6fd}&amp;quot;:{&amp;quot;d&amp;quot;:&amp;quot;C:\\Program Files (x86)\\Mozilla Firefox\\browser\\extensions\\{972ce4c6-7e08-4474-a285-3208198ce6fd}&amp;quot;,&amp;quot;e&amp;quot;:true,&amp;quot;v&amp;quot;:&amp;quot;43.0.1&amp;quot;,&amp;quot;st&amp;quot;:1451297860268,&amp;quot;mt&amp;quot;:1451297860148}}}
1451888395002	addons.xpi	DEBUG	No changes found
1451888395006	addons.xpi	DEBUG	Registering manifest for C:\Program Files (x86)\Mozilla Firefox\browser\extensions\{82AF8DCA-6DE9-405D-BD5E-43525BDAD38A}.xpi
1451888395006	addons.xpi	DEBUG	Loading bootstrap scope from C:\Program Files (x86)\Mozilla Firefox\browser\extensions\{82AF8DCA-6DE9-405D-BD5E-43525BDAD38A}.xpi
1451888395009	addons.xpi	DEBUG	Calling bootstrap method startup on {82AF8DCA-6DE9-405D-BD5E-43525BDAD38A} version 7.5.0.9082
1451888395032	addons.manager	DEBUG	Registering shutdown blocker for XPIProvider
1451888395032	addons.manager	DEBUG	Provider finished startup: XPIProvider
1451888395032	addons.manager	DEBUG	Starting provider: LightweightThemeManager
1451888395032	addons.manager	DEBUG	Registering shutdown blocker for LightweightThemeManager
1451888395032	addons.manager	DEBUG	Provider finished startup: LightweightThemeManager
1451888395032	addons.manager	DEBUG	Starting provider: GMPProvider
1451888395035	addons.manager	DEBUG	Registering shutdown blocker for GMPProvider
1451888395036	addons.manager	DEBUG	Provider finished startup: GMPProvider
1451888395036	addons.manager	DEBUG	Starting provider: PluginProvider
1451888395036	addons.manager	DEBUG	Registering shutdown blocker for PluginProvider
1451888395036	addons.manager	DEBUG	Provider finished startup: PluginProvider
1451888395036	addons.manager	DEBUG	Completed startup sequence
1451888395143	addons.xpi-utils	DEBUG	Starting async load of XPI database C:\Users\devrajh\AppData\Local\Temp\anonymous2001982202337191861webdriver-profile\extensions.json
*** Blocklist::_loadBlocklistFromFile: blocklist is disabled
1451888395202	addons.manager	DEBUG	Starting provider: &amp;lt;unnamed-provider&amp;gt;
1451888395202	addons.manager	DEBUG	Registering shutdown blocker for &amp;lt;unnamed-provider&amp;gt;
1451888395202	addons.manager	DEBUG	Provider finished startup: &amp;lt;unnamed-provider&amp;gt;
1451888395256	addons.xpi-utils	DEBUG	Async JSON file read took 0 MS
1451888395256	addons.xpi-utils	DEBUG	Finished async read of XPI database, parsing...
1451888395256	addons.xpi-utils	DEBUG	Successfully read XPI database
1451888395299	addons.manager	DEBUG	Starting provider: PreviousExperimentProvider
1451888395299	addons.manager	DEBUG	Registering shutdown blocker for PreviousExperimentProvider
1451888395300	addons.manager	DEBUG	Provider finished startup: PreviousExperimentProvider
JavaScript error: resource://skype_ff_extension-at-jetpack/skype_ff_extension/data/c2c_options_menu_localization.js, line 189: TypeError: document.getElementById(...) is null
1451888404787	addons.xpi	DEBUG	Calling bootstrap method shutdown on {82AF8DCA-6DE9-405D-BD5E-43525BDAD38A} version 7.5.0.9082
1451888405115	addons.manager	DEBUG	shutdown
1451888405115	addons.manager	DEBUG	Calling shutdown blocker for XPIProvider
1451888405115	addons.xpi	DEBUG	shutdown
1451888405115	addons.xpi-utils	DEBUG	shutdown
1451888405115	addons.manager	DEBUG	Calling shutdown blocker for LightweightThemeManager
1451888405116	addons.manager	DEBUG	Calling shutdown blocker for GMPProvider
1451888405116	addons.manager	DEBUG	Calling shutdown blocker for PluginProvider
1451888405116	addons.manager	DEBUG	Calling shutdown blocker for &amp;lt;unnamed-provider&amp;gt;
1451888405117	addons.manager	DEBUG	Calling shutdown blocker for PreviousExperimentProvider
1451888405118	addons.xpi	DEBUG	Notifying XPI shutdown observers
1451888405120	addons.manager	DEBUG	Async provider shutdown done

Build info: version: &amp;apos;2.45.0&amp;apos;, revision: &amp;apos;5017cb8&amp;apos;, time: &amp;apos;2015-02-26 23:59:50&amp;apos;
System info: host: &amp;apos;XIPL0440&amp;apos;, ip: &amp;apos;192.0.250.163&amp;apos;, os.name: &amp;apos;Windows 7&amp;apos;, os.arch: &amp;apos;amd64&amp;apos;, os.version: &amp;apos;6.1&amp;apos;, java.version: &amp;apos;1.8.0_25&amp;apos;
Driver info: driver.version: FirefoxDriver">
      <![CDATA[org.openqa.selenium.WebDriverException: Failed to connect to binary FirefoxBinary(C:\Program Files (x86)\Mozilla Firefox\firefox.exe) on port 7055; process output follows: 
code.com":{"d":"C:\\Users\\devrajh\\AppData\\Local\\Temp\\anonymous2001982202337191861webdriver-profile\\extensions\\fxdriver@googlecode.com","e":false,"v":"2.45.0","st":1451888392089,"mt":1451888392078}},"app-global":{"{82AF8DCA-6DE9-405D-BD5E-43525BDAD38A}":{"d":"C:\\Program Files (x86)\\Mozilla Firefox\\browser\\extensions\\{82AF8DCA-6DE9-405D-BD5E-43525BDAD38A}.xpi","e":true,"v":"7.5.0.9082","st":1444303946000},"{972ce4c6-7e08-4474-a285-3208198ce6fd}":{"d":"C:\\Program Files (x86)\\Mozilla Firefox\\browser\\extensions\\{972ce4c6-7e08-4474-a285-3208198ce6fd}","e":true,"v":"43.0.1","st":1451297860268,"mt":1451297860148}}}
1451888395002	addons.xpi	DEBUG	No changes found
1451888395006	addons.xpi	DEBUG	Registering manifest for C:\Program Files (x86)\Mozilla Firefox\browser\extensions\{82AF8DCA-6DE9-405D-BD5E-43525BDAD38A}.xpi
1451888395006	addons.xpi	DEBUG	Loading bootstrap scope from C:\Program Files (x86)\Mozilla Firefox\browser\extensions\{82AF8DCA-6DE9-405D-BD5E-43525BDAD38A}.xpi
1451888395009	addons.xpi	DEBUG	Calling bootstrap method startup on {82AF8DCA-6DE9-405D-BD5E-43525BDAD38A} version 7.5.0.9082
1451888395032	addons.manager	DEBUG	Registering shutdown blocker for XPIProvider
1451888395032	addons.manager	DEBUG	Provider finished startup: XPIProvider
1451888395032	addons.manager	DEBUG	Starting provider: LightweightThemeManager
1451888395032	addons.manager	DEBUG	Registering shutdown blocker for LightweightThemeManager
1451888395032	addons.manager	DEBUG	Provider finished startup: LightweightThemeManager
1451888395032	addons.manager	DEBUG	Starting provider: GMPProvider
1451888395035	addons.manager	DEBUG	Registering shutdown blocker for GMPProvider
1451888395036	addons.manager	DEBUG	Provider finished startup: GMPProvider
1451888395036	addons.manager	DEBUG	Starting provider: PluginProvider
1451888395036	addons.manager	DEBUG	Registering shutdown blocker for PluginProvider
1451888395036	addons.manager	DEBUG	Provider finished startup: PluginProvider
1451888395036	addons.manager	DEBUG	Completed startup sequence
1451888395143	addons.xpi-utils	DEBUG	Starting async load of XPI database C:\Users\devrajh\AppData\Local\Temp\anonymous2001982202337191861webdriver-profile\extensions.json
*** Blocklist::_loadBlocklistFromFile: blocklist is disabled
1451888395202	addons.manager	DEBUG	Starting provider: <unnamed-provider>
1451888395202	addons.manager	DEBUG	Registering shutdown blocker for <unnamed-provider>
1451888395202	addons.manager	DEBUG	Provider finished startup: <unnamed-provider>
1451888395256	addons.xpi-utils	DEBUG	Async JSON file read took 0 MS
1451888395256	addons.xpi-utils	DEBUG	Finished async read of XPI database, parsing...
1451888395256	addons.xpi-utils	DEBUG	Successfully read XPI database
1451888395299	addons.manager	DEBUG	Starting provider: PreviousExperimentProvider
1451888395299	addons.manager	DEBUG	Registering shutdown blocker for PreviousExperimentProvider
1451888395300	addons.manager	DEBUG	Provider finished startup: PreviousExperimentProvider
JavaScript error: resource://skype_ff_extension-at-jetpack/skype_ff_extension/data/c2c_options_menu_localization.js, line 189: TypeError: document.getElementById(...) is null
1451888404787	addons.xpi	DEBUG	Calling bootstrap method shutdown on {82AF8DCA-6DE9-405D-BD5E-43525BDAD38A} version 7.5.0.9082
1451888405115	addons.manager	DEBUG	shutdown
1451888405115	addons.manager	DEBUG	Calling shutdown blocker for XPIProvider
1451888405115	addons.xpi	DEBUG	shutdown
1451888405115	addons.xpi-utils	DEBUG	shutdown
1451888405115	addons.manager	DEBUG	Calling shutdown blocker for LightweightThemeManager
1451888405116	addons.manager	DEBUG	Calling shutdown blocker for GMPProvider
1451888405116	addons.manager	DEBUG	Calling shutdown blocker for PluginProvider
1451888405116	addons.manager	DEBUG	Calling shutdown blocker for <unnamed-provider>
1451888405117	addons.manager	DEBUG	Calling shutdown blocker for PreviousExperimentProvider
1451888405118	addons.xpi	DEBUG	Notifying XPI shutdown observers
1451888405120	addons.manager	DEBUG	Async provider shutdown done

Build info: version: '2.45.0', revision: '5017cb8', time: '2015-02-26 23:59:50'
System info: host: 'XIPL0440', ip: '192.0.250.163', os.name: 'Windows 7', os.arch: 'amd64', os.version: '6.1', java.version: '1.8.0_25'
Driver info: driver.version: FirefoxDriver
	at org.openqa.selenium.firefox.internal.NewProfileExtensionConnection.start(NewProfileExtensionConnection.java:130)
	at org.openqa.selenium.firefox.FirefoxDriver.startClient(FirefoxDriver.java:246)
	at org.openqa.selenium.remote.RemoteWebDriver.<init>(RemoteWebDriver.java:114)
	at org.openqa.selenium.firefox.FirefoxDriver.<init>(FirefoxDriver.java:193)
	at org.openqa.selenium.firefox.FirefoxDriver.<init>(FirefoxDriver.java:186)
	at org.openqa.selenium.firefox.FirefoxDriver.<init>(FirefoxDriver.java:182)
	at org.openqa.selenium.firefox.FirefoxDriver.<init>(FirefoxDriver.java:95)
	at com.automation.base.WebDriverBaseTestpage.<init>(WebDriverBaseTestpage.java:17)
	at com.automation.testPages.LoginPage.<init>(LoginPage.java:5)
	at com.automation.testScript.loginToApplication.f(loginToApplication.java:11)
	at sun.reflect.NativeMethodAccessorImpl.invoke0(Native Method)
	at sun.reflect.NativeMethodAccessorImpl.invoke(NativeMethodAccessorImpl.java:62)
	at sun.reflect.DelegatingMethodAccessorImpl.invoke(DelegatingMethodAccessorImpl.java:43)
	at java.lang.reflect.Method.invoke(Method.java:483)
	at org.testng.internal.MethodInvocationHelper.invokeMethod(MethodInvocationHelper.java:86)
	at org.testng.internal.Invoker.invokeMethod(Invoker.java:645)
	at org.testng.internal.Invoker.invokeTestMethod(Invoker.java:822)
	at org.testng.internal.Invoker.invokeTestMethods(Invoker.java:1130)
	at org.testng.internal.TestMethodWorker.invokeTestMethods(TestMethodWorker.java:129)
	at org.testng.internal.TestMethodWorker.run(TestMethodWorker.java:112)
	at org.testng.TestRunner.privateRun(TestRunner.java:782)
	at org.testng.TestRunner.run(TestRunner.java:632)
	at org.testng.SuiteRunner.runTest(SuiteRunner.java:366)
	at org.testng.SuiteRunner.runSequentially(SuiteRunner.java:361)
	at org.testng.SuiteRunner.privateRun(SuiteRunner.java:319)
	at org.testng.SuiteRunner.run(SuiteRunner.java:268)
	at org.testng.SuiteRunnerWorker.runSuite(SuiteRunnerWorker.java:52)
	at org.testng.SuiteRunnerWorker.run(SuiteRunnerWorker.java:86)
	at org.testng.TestNG.runSuitesSequentially(TestNG.java:1244)
	at org.testng.TestNG.runSuitesLocally(TestNG.java:1169)
	at org.testng.TestNG.run(TestNG.java:1064)
	at org.testng.remote.RemoteTestNG.run(RemoteTestNG.java:113)
	at org.testng.remote.RemoteTestNG.initAndRun(RemoteTestNG.java:206)
	at org.testng.remote.RemoteTestNG.main(RemoteTestNG.java:177)
Caused by: org.openqa.selenium.firefox.NotConnectedException: Unable to connect to host 127.0.0.1 on port 7055 after 45000 ms. Firefox console output:
code.com":{"d":"C:\\Users\\devrajh\\AppData\\Local\\Temp\\anonymous2001982202337191861webdriver-profile\\extensions\\fxdriver@googlecode.com","e":false,"v":"2.45.0","st":1451888392089,"mt":1451888392078}},"app-global":{"{82AF8DCA-6DE9-405D-BD5E-43525BDAD38A}":{"d":"C:\\Program Files (x86)\\Mozilla Firefox\\browser\\extensions\\{82AF8DCA-6DE9-405D-BD5E-43525BDAD38A}.xpi","e":true,"v":"7.5.0.9082","st":1444303946000},"{972ce4c6-7e08-4474-a285-3208198ce6fd}":{"d":"C:\\Program Files (x86)\\Mozilla Firefox\\browser\\extensions\\{972ce4c6-7e08-4474-a285-3208198ce6fd}","e":true,"v":"43.0.1","st":1451297860268,"mt":1451297860148}}}
1451888395002	addons.xpi	DEBUG	No changes found
1451888395006	addons.xpi	DEBUG	Registering manifest for C:\Program Files (x86)\Mozilla Firefox\browser\extensions\{82AF8DCA-6DE9-405D-BD5E-43525BDAD38A}.xpi
1451888395006	addons.xpi	DEBUG	Loading bootstrap scope from C:\Program Files (x86)\Mozilla Firefox\browser\extensions\{82AF8DCA-6DE9-405D-BD5E-43525BDAD38A}.xpi
1451888395009	addons.xpi	DEBUG	Calling bootstrap method startup on {82AF8DCA-6DE9-405D-BD5E-43525BDAD38A} version 7.5.0.9082
1451888395032	addons.manager	DEBUG	Registering shutdown blocker for XPIProvider
1451888395032	addons.manager	DEBUG	Provider finished startup: XPIProvider
1451888395032	addons.manager	DEBUG	Starting provider: LightweightThemeManager
1451888395032	addons.manager	DEBUG	Registering shutdown blocker for LightweightThemeManager
1451888395032	addons.manager	DEBUG	Provider finished startup: LightweightThemeManager
1451888395032	addons.manager	DEBUG	Starting provider: GMPProvider
1451888395035	addons.manager	DEBUG	Registering shutdown blocker for GMPProvider
1451888395036	addons.manager	DEBUG	Provider finished startup: GMPProvider
1451888395036	addons.manager	DEBUG	Starting provider: PluginProvider
1451888395036	addons.manager	DEBUG	Registering shutdown blocker for PluginProvider
1451888395036	addons.manager	DEBUG	Provider finished startup: PluginProvider
1451888395036	addons.manager	DEBUG	Completed startup sequence
1451888395143	addons.xpi-utils	DEBUG	Starting async load of XPI database C:\Users\devrajh\AppData\Local\Temp\anonymous2001982202337191861webdriver-profile\extensions.json
*** Blocklist::_loadBlocklistFromFile: blocklist is disabled
1451888395202	addons.manager	DEBUG	Starting provider: <unnamed-provider>
1451888395202	addons.manager	DEBUG	Registering shutdown blocker for <unnamed-provider>
1451888395202	addons.manager	DEBUG	Provider finished startup: <unnamed-provider>
1451888395256	addons.xpi-utils	DEBUG	Async JSON file read took 0 MS
1451888395256	addons.xpi-utils	DEBUG	Finished async read of XPI database, parsing...
1451888395256	addons.xpi-utils	DEBUG	Successfully read XPI database
1451888395299	addons.manager	DEBUG	Starting provider: PreviousExperimentProvider
1451888395299	addons.manager	DEBUG	Registering shutdown blocker for PreviousExperimentProvider
1451888395300	addons.manager	DEBUG	Provider finished startup: PreviousExperimentProvider
JavaScript error: resource://skype_ff_extension-at-jetpack/skype_ff_extension/data/c2c_options_menu_localization.js, line 189: TypeError: document.getElementById(...) is null
1451888404787	addons.xpi	DEBUG	Calling bootstrap method shutdown on {82AF8DCA-6DE9-405D-BD5E-43525BDAD38A} version 7.5.0.9082
1451888405115	addons.manager	DEBUG	shutdown
1451888405115	addons.manager	DEBUG	Calling shutdown blocker for XPIProvider
1451888405115	addons.xpi	DEBUG	shutdown
1451888405115	addons.xpi-utils	DEBUG	shutdown
1451888405115	addons.manager	DEBUG	Calling shutdown blocker for LightweightThemeManager
1451888405116	addons.manager	DEBUG	Calling shutdown blocker for GMPProvider
1451888405116	addons.manager	DEBUG	Calling shutdown blocker for PluginProvider
1451888405116	addons.manager	DEBUG	Calling shutdown blocker for <unnamed-provider>
1451888405117	addons.manager	DEBUG	Calling shutdown blocker for PreviousExperimentProvider
1451888405118	addons.xpi	DEBUG	Notifying XPI shutdown observers
1451888405120	addons.manager	DEBUG	Async provider shutdown done

	at org.openqa.selenium.firefox.internal.NewProfileExtensionConnection.start(NewProfileExtensionConnection.java:118)
	... 33 more
]]>
    </failure>
  </testcase> <!-- f -->
</testsuite> <!-- Default test -->
