<?xml version="1.0" encoding="UTF-8"?>
<!-- Generated by org.testng.reporters.JUnitXMLReporter -->
<testsuite hostname="XIPL0440" name="verifyLogin" tests="2" failures="1" timestamp="12 Jan 2016 13:07:36 GMT" time="16.839" errors="0">
  <testcase name="VerifyLogin1" time="11.092" classname="com.automation.testScript.loginToApplication"/>
  <testcase name="VerifyLogin3" time="5.747" classname="com.automation.testScript.loginToApplication">
    <failure type="java.lang.NullPointerException">
      <![CDATA[java.lang.NullPointerException
	at com.automation.testPages.HomePage.verifyLogo(HomePage.java:38)
	at com.automation.testScript.loginToApplication.VerifyLogin3(loginToApplication.java:29)
	at org.apache.maven.surefire.testng.TestNGExecutor.run(TestNGExecutor.java:178)
	at org.apache.maven.surefire.testng.TestNGXmlTestSuite.execute(TestNGXmlTestSuite.java:92)
	at org.apache.maven.surefire.testng.TestNGProvider.invoke(TestNGProvider.java:96)
	at org.apache.maven.surefire.util.ReflectionUtils.invokeMethodWithArray2(ReflectionUtils.java:208)
	at org.apache.maven.surefire.booter.ProviderFactory$ProviderProxy.invoke(ProviderFactory.java:159)
	at org.apache.maven.surefire.booter.ProviderFactory.invokeProvider(ProviderFactory.java:87)
	at org.apache.maven.surefire.booter.ForkedBooter.runSuitesInProcess(ForkedBooter.java:153)
	at org.apache.maven.surefire.booter.ForkedBooter.main(ForkedBooter.java:95)
... Removed 25 stack frames]]>
    </failure>
  </testcase> <!-- VerifyLogin3 -->
</testsuite> <!-- verifyLogin -->
