-------------------------------------------------------------------------------
Test set: TestSuite
-------------------------------------------------------------------------------
Tests run: 2, Failures: 1, Errors: 0, Skipped: 0, Time elapsed: 17.069 sec <<< FAILURE!
VerifyLogin3(com.automation.testScript.loginToApplication)  Time elapsed: 5.747 sec  <<< FAILURE!
java.lang.NullPointerException: null
	at com.automation.testPages.HomePage.verifyLogo(HomePage.java:38)
	at com.automation.testScript.loginToApplication.VerifyLogin3(loginToApplication.java:29)

