<?xml version="1.0" encoding="UTF-8"?>
<testng-results skipped="0" failed="0" total="1" passed="1">
  <reporter-output>
  </reporter-output>
  <suite name="SmokeTest" duration-ms="22367" started-at="2016-01-06T10:04:19Z" finished-at="2016-01-06T10:04:41Z">
    <groups>
    </groups>
    <test name="verifyLoginTest" duration-ms="22367" started-at="2016-01-06T10:04:19Z" finished-at="2016-01-06T10:04:41Z">
      <class name="com.automation.testScript.loginToApplication">
        <test-method status="PASS" signature="f()[pri:0, instance:com.automation.testScript.loginToApplication@30c7da1e]" name="f" duration-ms="22357" started-at="2016-01-06T15:34:19Z" finished-at="2016-01-06T15:34:41Z">
          <reporter-output>
          </reporter-output>
        </test-method> <!-- f -->
      </class> <!-- com.automation.testScript.loginToApplication -->
    </test> <!-- verifyLoginTest -->
  </suite> <!-- SmokeTest -->
</testng-results>
