<?xml version="1.0" encoding="UTF-8"?>
<!-- Generated by org.testng.reporters.JUnitXMLReporter -->
<testsuite hostname="XIPL0440" name="verifyLogin" tests="2" failures="1" timestamp="12 Jan 2016 13:16:01 GMT" time="14.514" errors="0">
  <testcase name="VerifyLogin1" time="11.013" classname="com.automation.testScript.loginToApplication"/>
  <testcase name="VerifyLogin3" time="3.491" classname="com.automation.testScript.loginToApplication">
    <failure type="java.lang.NullPointerException">
      <![CDATA[java.lang.NullPointerException
	at com.automation.testPages.HomePage.verifyLogo(HomePage.java:38)
	at com.automation.testScript.loginToApplication.VerifyLogin3(loginToApplication.java:29)
... Removed 24 stack frames]]>
    </failure>
  </testcase> <!-- VerifyLogin3 -->
</testsuite> <!-- verifyLogin -->
