<?xml version="1.0" encoding="UTF-8"?>
<testng-results skipped="0" failed="1" total="2" passed="1">
  <reporter-output>
    <line>
      <![CDATA[AAAAAAAAAAAAAAA]]>
    </line>
    <line>
      <![CDATA[asdhn aksdhajs]]>
    </line>
    <line>
      <![CDATA[]]>
    </line>
  </reporter-output>
  <suite name="SmokeTest" duration-ms="14514" started-at="2016-01-12T13:15:47Z" finished-at="2016-01-12T13:16:01Z">
    <groups>
    </groups>
    <test name="verifyLogin" duration-ms="14514" started-at="2016-01-12T13:15:47Z" finished-at="2016-01-12T13:16:01Z">
      <class name="com.automation.testScript.loginToApplication">
        <test-method status="PASS" signature="VerifyLogin1()[pri:0, instance:com.automation.testScript.loginToApplication@1c2c22f3]" name="VerifyLogin1" duration-ms="11013" started-at="2016-01-12T18:45:47Z" finished-at="2016-01-12T18:45:58Z">
          <reporter-output>
            <line>
              <![CDATA[asdhn aksdhajs]]>
            </line>
          </reporter-output>
        </test-method> <!-- VerifyLogin1 -->
        <test-method status="FAIL" signature="VerifyLogin3()[pri:0, instance:com.automation.testScript.loginToApplication@1c2c22f3]" name="VerifyLogin3" duration-ms="3491" started-at="2016-01-12T18:45:58Z" finished-at="2016-01-12T18:46:01Z">
          <exception class="java.lang.NullPointerException">
            <full-stacktrace>
              <![CDATA[java.lang.NullPointerException
	at com.automation.testPages.HomePage.verifyLogo(HomePage.java:38)
	at com.automation.testScript.loginToApplication.VerifyLogin3(loginToApplication.java:29)
	at sun.reflect.NativeMethodAccessorImpl.invoke0(Native Method)
	at sun.reflect.NativeMethodAccessorImpl.invoke(NativeMethodAccessorImpl.java:62)
	at sun.reflect.DelegatingMethodAccessorImpl.invoke(DelegatingMethodAccessorImpl.java:43)
	at java.lang.reflect.Method.invoke(Method.java:483)
	at org.testng.internal.MethodInvocationHelper.invokeMethod(MethodInvocationHelper.java:84)
	at org.testng.internal.Invoker.invokeMethod(Invoker.java:714)
	at org.testng.internal.Invoker.invokeTestMethod(Invoker.java:901)
	at org.testng.internal.Invoker.invokeTestMethods(Invoker.java:1231)
	at org.testng.internal.TestMethodWorker.invokeTestMethods(TestMethodWorker.java:127)
	at org.testng.internal.TestMethodWorker.run(TestMethodWorker.java:111)
	at org.testng.TestRunner.privateRun(TestRunner.java:767)
	at org.testng.TestRunner.run(TestRunner.java:617)
	at org.testng.SuiteRunner.runTest(SuiteRunner.java:334)
	at org.testng.SuiteRunner.runSequentially(SuiteRunner.java:329)
	at org.testng.SuiteRunner.privateRun(SuiteRunner.java:291)
	at org.testng.SuiteRunner.run(SuiteRunner.java:240)
	at org.testng.SuiteRunnerWorker.runSuite(SuiteRunnerWorker.java:52)
	at org.testng.SuiteRunnerWorker.run(SuiteRunnerWorker.java:86)
	at org.testng.TestNG.runSuitesSequentially(TestNG.java:1224)
	at org.testng.TestNG.runSuitesLocally(TestNG.java:1149)
	at org.testng.TestNG.run(TestNG.java:1057)
	at org.testng.remote.RemoteTestNG.run(RemoteTestNG.java:111)
	at org.testng.remote.RemoteTestNG.initAndRun(RemoteTestNG.java:204)
	at org.testng.remote.RemoteTestNG.main(RemoteTestNG.java:175)
]]>
            </full-stacktrace>
          </exception> <!-- java.lang.NullPointerException -->
          <reporter-output>
            <line>
              <![CDATA[]]>
            </line>
          </reporter-output>
        </test-method> <!-- VerifyLogin3 -->
      </class> <!-- com.automation.testScript.loginToApplication -->
    </test> <!-- verifyLogin -->
  </suite> <!-- SmokeTest -->
</testng-results>
