<?xml version="1.0" encoding="UTF-8"?>
<testng-results skipped="0" failed="0" total="1" passed="1">
  <reporter-output>
  </reporter-output>
  <suite name="SmokeTest" duration-ms="13628" started-at="2016-01-05T09:44:23Z" finished-at="2016-01-05T09:44:36Z">
    <groups>
    </groups>
    <test name="verifyLoginTest" duration-ms="13628" started-at="2016-01-05T09:44:23Z" finished-at="2016-01-05T09:44:36Z">
      <class name="com.automation.testScript.loginToApplication">
        <test-method status="PASS" signature="f()[pri:0, instance:com.automation.testScript.loginToApplication@25618e91]" name="f" duration-ms="13628" started-at="2016-01-05T15:14:23Z" finished-at="2016-01-05T15:14:36Z">
          <reporter-output>
          </reporter-output>
        </test-method> <!-- f -->
        <test-method status="PASS" signature="closeDriver()[pri:0, instance:com.automation.testScript.loginToApplication@25618e91]" name="closeDriver" is-config="true" duration-ms="0" started-at="2016-01-05T15:14:36Z" finished-at="2016-01-05T15:14:36Z">
          <reporter-output>
          </reporter-output>
        </test-method> <!-- closeDriver -->
      </class> <!-- com.automation.testScript.loginToApplication -->
    </test> <!-- verifyLoginTest -->
  </suite> <!-- SmokeTest -->
</testng-results>
